<?xml version="1.0" encoding="UTF-8" ?>
<testsuite tests="1" failures="0" name="wexsearchfunctionality.RunCucumberTest" time="22.383" errors="0" skipped="0">
  <properties>
    <property name="java.runtime.name" value="OpenJDK Runtime Environment"/>
    <property name="java.vm.version" value="11.0.8+10"/>
    <property name="sun.boot.library.path" value="C:\Users\matheus.a.beck\AppData\Local\Programs\AdoptOpenJDK\jdk-11.0.8.10-hotspot\bin"/>
    <property name="maven.multiModuleProjectDirectory" value="C:\Users\matheus.a.beck\Documents\java\wex-search-functionality"/>
    <property name="java.vm.vendor" value="AdoptOpenJDK"/>
    <property name="java.vendor.url" value="https://adoptopenjdk.net/"/>
    <property name="guice.disable.misplaced.annotation.check" value="true"/>
    <property name="path.separator" value=";"/>
    <property name="java.vm.name" value="OpenJDK 64-Bit Server VM"/>
    <property name="sun.os.patch.level" value=""/>
    <property name="user.script" value=""/>
    <property name="user.country" value="US"/>
    <property name="sun.java.launcher" value="SUN_STANDARD"/>
    <property name="java.vm.specification.name" value="Java Virtual Machine Specification"/>
    <property name="user.dir" value="C:\Users\matheus.a.beck\Documents\java\wex-search-functionality"/>
    <property name="java.vm.compressedOopsMode" value="32-bit"/>
    <property name="java.runtime.version" value="11.0.8+10"/>
    <property name="java.awt.graphicsenv" value="sun.awt.Win32GraphicsEnvironment"/>
    <property name="os.arch" value="amd64"/>
    <property name="java.io.tmpdir" value="C:\Users\MATHEU~1.BEC\AppData\Local\Temp\"/>
    <property name="line.separator" value="
"/>
    <property name="java.vm.specification.vendor" value="Oracle Corporation"/>
    <property name="user.variant" value=""/>
    <property name="os.name" value="Windows 10"/>
    <property name="classworlds.conf" value="C:\Users\matheus.a.beck\Downloads\apache-maven-3.6.3-bin\apache-maven-3.6.3\bin\..\bin\m2.conf"/>
    <property name="sun.jnu.encoding" value="Cp1252"/>
    <property name="java.library.path" value="C:\Users\matheus.a.beck\AppData\Local\Programs\AdoptOpenJDK\jdk-11.0.8.10-hotspot\bin;C:\WINDOWS\Sun\Java\bin;C:\WINDOWS\system32;C:\WINDOWS;C:\Python27\;C:\Python27\Scripts;C:\Program Files\Docker\Docker\Resources\bin;C:\app\Oracle_Client\product\11.2.0\client_1\bin;C:\Program Files (x86)\Common Files\Oracle\Java\javapath;C:\WINDOWS\system32;C:\WINDOWS;C:\WINDOWS\System32\Wbem;C:\WINDOWS\System32\WindowsPowerShell\v1.0\;C:\WINDOWS\System32\OpenSSH\;C:\Program Files\TortoiseSVN\bin;C:\Program Files (x86)\WinMerge;C:\Program Files (x86)\cvsnt;C:\Program Files\PuTTY\;C:\Program Files\nodejs;C:\Users\matheus.a.beck\AppData\Roaming\npm\node_modules\typescript\bin\tsc;C:\Ruby26-x64;C:\oracle\instantclient_12_2;C:\Program Files\Git\cmd;C:\Users\matheus.a.beck\Downloads\geckodriver-v0.25.0-win64;C:\app\Oracle_Client\product\11.2.0\client_1\BIN;C:\Users\matheus.a.beck\Downloads\instantclient_19_5;C:\ProgramData\chocolatey\bin;C:\Program Files\nodejs\;C:\Program Files (x86)\Yarn\bin\;C:\Program Files\Java\jdk1.8.0_211\bin;C:\Android\Sdk\platform-tools;C:\Android\Sdk\tools;C:\Users\matheus.a.beck\AppData\Local\Programs\AdoptOpenJDK\jdk-11.0.8.10-hotspot\bin;C:\Ruby25-x64\bin;C:\Ruby26-x64\bin;c:\jruby-9.2.8.0\bin;C:\Users\matheus.a.beck\AppData\Local\Programs\Python\Python37-32\Scripts\;C:\Users\matheus.a.beck\AppData\Local\Programs\Python\Python37-32\;C:\Users\matheus.a.beck\AppData\Local\Microsoft\WindowsApps;C:\Users\matheus.a.beck\AppData\Roaming\npm\node_modules\typescript\bin\tsc;C:\Program Files\nodejs;C:\oracle\instantclient_12_2;C:\Users\matheus.a.beck\AppData\Roaming\npm\node_modules\cucumber\node_modules\core-js;C:\Users\matheus.a.beck\Downloads\geckodriver-v0.25.0-win64;C:\Users\matheus.a.beck\AppData\Local\Programs\Microsoft VS Code\bin;C:\app\Oracle_Client\product\11.2.0\client_1\BIN;C:\Users\matheus.a.beck\Downloads\instantclient_19_5;C:\Users\matheus.a.beck\AppData\Roaming\npm;C:\Users\matheus.a.beck\AppData\Local\Yarn\bin;C:\Android\Sdk\platform-tools;C:\Android\Sdk\tools;C:\Users\matheus.a.beck\Downloads\apache-maven-3.6.3-bin\apache-maven-3.6.3\bin;C:\Users\matheus.a.beck\Downloads\selenium-java-2.48.2\selenium-2.48.2\libs;C:\Users\matheus.a.beck\Downloads\chromedriver_win32;;."/>
    <property name="maven.conf" value="C:\Users\matheus.a.beck\Downloads\apache-maven-3.6.3-bin\apache-maven-3.6.3\bin\../conf"/>
    <property name="jdk.debug" value="release"/>
    <property name="java.class.version" value="55.0"/>
    <property name="java.specification.name" value="Java Platform API Specification"/>
    <property name="sun.management.compiler" value="HotSpot 64-Bit Tiered Compilers"/>
    <property name="os.version" value="10.0"/>
    <property name="library.jansi.path" value="C:\Users\matheus.a.beck\Downloads\apache-maven-3.6.3-bin\apache-maven-3.6.3\bin\..\lib\jansi-native"/>
    <property name="user.home" value="C:\Users\matheus.a.beck"/>
    <property name="user.timezone" value="America/Bahia"/>
    <property name="java.awt.printerjob" value="sun.awt.windows.WPrinterJob"/>
    <property name="file.encoding" value="Cp1252"/>
    <property name="java.specification.version" value="11"/>
    <property name="user.name" value="matheus.a.beck"/>
    <property name="java.class.path" value="C:\Users\matheus.a.beck\Downloads\apache-maven-3.6.3-bin\apache-maven-3.6.3\bin\..\boot\plexus-classworlds-2.6.0.jar"/>
    <property name="java.vm.specification.version" value="11"/>
    <property name="sun.arch.data.model" value="64"/>
    <property name="sun.java.command" value="org.codehaus.plexus.classworlds.launcher.Launcher test"/>
    <property name="java.home" value="C:\Users\matheus.a.beck\AppData\Local\Programs\AdoptOpenJDK\jdk-11.0.8.10-hotspot"/>
    <property name="user.language" value="en"/>
    <property name="java.specification.vendor" value="Oracle Corporation"/>
    <property name="awt.toolkit" value="sun.awt.windows.WToolkit"/>
    <property name="java.vm.info" value="mixed mode"/>
    <property name="java.version" value="11.0.8"/>
    <property name="java.vendor" value="AdoptOpenJDK"/>
    <property name="sun.stderr.encoding" value="cp437"/>
    <property name="maven.home" value="C:\Users\matheus.a.beck\Downloads\apache-maven-3.6.3-bin\apache-maven-3.6.3\bin\.."/>
    <property name="file.separator" value="\"/>
    <property name="java.version.date" value="2020-07-14"/>
    <property name="java.vendor.url.bug" value="https://github.com/AdoptOpenJDK/openjdk-support/issues"/>
    <property name="sun.io.unicode.encoding" value="UnicodeLittle"/>
    <property name="sun.cpu.endian" value="little"/>
    <property name="java.vendor.version" value="AdoptOpenJDK"/>
    <property name="sun.stdout.encoding" value="cp437"/>
    <property name="sun.desktop" value="windows"/>
    <property name="sun.cpu.isalist" value="amd64"/>
  </properties>
  <testcase classname="Search Functionality" name="The search must return a maximum of 10 posts per page and a navigation bar if needed." time="22.383"/>
</testsuite>